Determining if the pthread_create exist failed with the following output:
Change Dir: /home/clay/workspace/GURPSChase/build/CMakeFiles/CMakeTmp

Run Build Command:"/usr/bin/make" "cmTC_5e323/fast"
/usr/bin/make -f CMakeFiles/cmTC_5e323.dir/build.make CMakeFiles/cmTC_5e323.dir/build
make[1]: Entering directory '/home/clay/workspace/GURPSChase/build/CMakeFiles/CMakeTmp'
Building C object CMakeFiles/cmTC_5e323.dir/CheckSymbolExists.c.o
/usr/bin/cc    -o CMakeFiles/cmTC_5e323.dir/CheckSymbolExists.c.o   -c /home/clay/workspace/GURPSChase/build/CMakeFiles/CMakeTmp/CheckSymbolExists.c
Linking C executable cmTC_5e323
/usr/local/bin/cmake -E cmake_link_script CMakeFiles/cmTC_5e323.dir/link.txt --verbose=1
/usr/bin/cc       CMakeFiles/cmTC_5e323.dir/CheckSymbolExists.c.o  -o cmTC_5e323 -rdynamic 
CMakeFiles/cmTC_5e323.dir/CheckSymbolExists.c.o: In function `main':
CheckSymbolExists.c:(.text+0x16): undefined reference to `pthread_create'
collect2: error: ld returned 1 exit status
CMakeFiles/cmTC_5e323.dir/build.make:97: recipe for target 'cmTC_5e323' failed
make[1]: *** [cmTC_5e323] Error 1
make[1]: Leaving directory '/home/clay/workspace/GURPSChase/build/CMakeFiles/CMakeTmp'
Makefile:126: recipe for target 'cmTC_5e323/fast' failed
make: *** [cmTC_5e323/fast] Error 2

File /home/clay/workspace/GURPSChase/build/CMakeFiles/CMakeTmp/CheckSymbolExists.c:
/* */
#include <pthread.h>

int main(int argc, char** argv)
{
  (void)argv;
#ifndef pthread_create
  return ((int*)(&pthread_create))[argc];
#else
  (void)argc;
  return 0;
#endif
}

Determining if the function pthread_create exists in the pthreads failed with the following output:
Change Dir: /home/clay/workspace/GURPSChase/build/CMakeFiles/CMakeTmp

Run Build Command:"/usr/bin/make" "cmTC_78598/fast"
/usr/bin/make -f CMakeFiles/cmTC_78598.dir/build.make CMakeFiles/cmTC_78598.dir/build
make[1]: Entering directory '/home/clay/workspace/GURPSChase/build/CMakeFiles/CMakeTmp'
Building C object CMakeFiles/cmTC_78598.dir/CheckFunctionExists.c.o
/usr/bin/cc   -DCHECK_FUNCTION_EXISTS=pthread_create   -o CMakeFiles/cmTC_78598.dir/CheckFunctionExists.c.o   -c /usr/local/share/cmake-3.3/Modules/CheckFunctionExists.c
Linking C executable cmTC_78598
/usr/local/bin/cmake -E cmake_link_script CMakeFiles/cmTC_78598.dir/link.txt --verbose=1
/usr/bin/cc   -DCHECK_FUNCTION_EXISTS=pthread_create    CMakeFiles/cmTC_78598.dir/CheckFunctionExists.c.o  -o cmTC_78598 -rdynamic -lpthreads 
/usr/bin/ld: cannot find -lpthreads
collect2: error: ld returned 1 exit status
CMakeFiles/cmTC_78598.dir/build.make:97: recipe for target 'cmTC_78598' failed
make[1]: *** [cmTC_78598] Error 1
make[1]: Leaving directory '/home/clay/workspace/GURPSChase/build/CMakeFiles/CMakeTmp'
Makefile:126: recipe for target 'cmTC_78598/fast' failed
make: *** [cmTC_78598/fast] Error 2


